<?xml version="1.0" encoding="UTF-8"?>
<!-- Generated by org.testng.reporters.JUnitReportReporter -->
<testsuite hostname="SKCC14N00765" name="thirdstage.exercise.xml.schematron.SalesItemsValidationTest1" tests="4" failures="0" timestamp="29 Sep 2014 05:57:38 GMT" time="0.747" errors="0">
  <testcase name="testInvalidSalesItemsUsingSchematron" time="0.692" classname="thirdstage.exercise.xml.schematron.SalesItemsValidationTest1"/>
  <testcase name="testValidSalesItemsWithSchema" time="0.006" classname="thirdstage.exercise.xml.schematron.SalesItemsValidationTest1"/>
  <testcase name="testValidSalesItemsWithSchema11" time="0.003" classname="thirdstage.exercise.xml.schematron.SalesItemsValidationTest1"/>
  <testcase name="testInvalidSalesItemsButNotDetectableWithXmlSchema" time="0.046" classname="thirdstage.exercise.xml.schematron.SalesItemsValidationTest1"/>
</testsuite> <!-- thirdstage.exercise.xml.schematron.SalesItemsValidationTest1 -->
