<?xml version="1.0" encoding="UTF-8"?>
<!-- Generated by org.testng.reporters.JUnitReportReporter -->
<testsuite hostname="SKCC14N00765" name="thirdstage.exercise.opencv.case2.RemapTest" tests="1" failures="0" timestamp="18 Aug 2015 00:10:33 GMT" time="0.032" errors="0">
  <testcase name="testRemap1" time="0.032" classname="thirdstage.exercise.opencv.case2.RemapTest"/>
</testsuite> <!-- thirdstage.exercise.opencv.case2.RemapTest -->
